git : fatal: It seems that there is already a rebase-merge directory, and
所在位置 行:1 字符: 1
+ git rebase origin/main 2>&1 | Out-File -Encoding utf8 ci_artifacts/re ...
+ ~~~~~~~~~~~~~~~~~~~~~~~~~~~
    + CategoryInfo          : NotSpecified: (fatal: It seems... directory, and:String) [], RemoteException
    + FullyQualifiedErrorId : NativeCommandError
 
I wonder if you are in the middle of another rebase.  If that is the
case, please try
	git rebase (--continue | --abort | --skip)
If that is not the case, please
	rm -fr ".git/rebase-merge"
and run me again.  I am stopping in case you still have something
valuable there.

rebaseExit:128
Rebase failed; scanning for unmerged entries
git : The following paths are ignored by one of your .gitignore files:
所在位置 行:13 字符: 3
+   git add -A ci_artifacts 2>&1 | Out-File -Encoding utf8 -Append ci_a ...
+   ~~~~~~~~~~~~~~~~~~~~~~~~~~~~
    + CategoryInfo          : NotSpecified: (The following p...itignore files::String) [], RemoteException
    + FullyQualifiedErrorId : NativeCommandError
 
ci_artifacts
hint: Use -f if you really want to add them.
hint: Disable this message with "git config set advice.addIgnoredFile false"
Writing COMMIT_EDITMSG and committing resolution
On branch fix-hot-sign-security
Your branch is ahead of 'origin/fix-hot-sign-security' by 1 commit.
  (use "git push" to publish your local commits)

Last commands done (7 commands done):
   pick d50c6ac chore(ci): apply rustfmt fixes
   pick 0eabc36 chore(ci): apply clippy fixes
  (see more in file .git/rebase-merge/done)
Next commands to do (6 remaining commands):
   pick ed69c9e chore(ci): record rerun list
   pick d9683a7 chore(ci): save rerun artifacts
  (use "git rebase --edit-todo" to view and edit)
You are currently editing a commit while rebasing branch 'fix-hot-sign-security' on 'e88d2e8'.
  (use "git commit --amend" to amend the current commit)
  (use "git rebase --continue" once you are satisfied with your changes)

Untracked files:
  (use "git add <file>..." to include in what will be committed)
	ci_artifacts_tmp_20250918000138/

nothing added to commit but untracked files present (use "git add" to track)
warning: Cannot merge binary files: ci_artifacts/run_17798162869.json (HEAD vs. d9683a7 (chore(ci): save rerun artifacts))
Auto-merging ci_artifacts/run_17798162869.json
CONFLICT (content): Merge conflict in ci_artifacts/run_17798162869.json
git : Rebasing (8/13)
所在位置 行:35 字符: 3
+   git rebase --continue 2>&1 | Out-File -Encoding utf8 -Append ci_art ...
+   ~~~~~~~~~~~~~~~~~~~~~~~~~~
    + CategoryInfo          : NotSpecified: (Rebasing (8/13):String) [], RemoteException
    + FullyQualifiedErrorId : NativeCommandError
 
dropping ed69c9e00b733dba8b564a5f63ed487de8a7427d chore(ci): record rerun list -- patch contents already upstream
Rebasing (9/13)
error: could not apply d9683a7... chore(ci): save rerun artifacts
hint: Resolve all conflicts manually, mark them as resolved with
hint: "git add/rm <conflicted_files>", then run "git rebase --continue".
hint: You can instead skip this commit: run "git rebase --skip".
hint: To abort and get back to the state before "git rebase", run "git rebase --abort".
hint: Disable this message with "git config set advice.mergeConflict false"
Could not apply d9683a7... chore(ci): save rerun artifacts
rebaseExitAfterAttempt:1
